2019-12-22 15:34:55 INFO  Login:34 - user enter email: 1 1
2019-12-22 15:34:57 INFO  Login:39 - Invalid attempt of user email: '1'
2019-12-22 15:35:25 INFO  ServletManager:51 - /GreenBank/app/bootstrap/css/bootstrap.min.css
2019-12-22 15:35:25 INFO  ServletManager:51 - /GreenBank/app/image/GreenBank.png
2019-12-22 15:35:25 INFO  ServletManager:51 - /GreenBank/app/css/footer.css
2019-12-22 15:35:25 INFO  ServletManager:51 - /GreenBank/app/css/header_css.css
2019-12-22 15:35:25 INFO  ServletManager:51 - /GreenBank/app/bootstrap/js/bootstrap.min.js
2019-12-22 15:35:28 INFO  ServletManager:53 - css/header_css.css
2019-12-22 15:35:28 INFO  ServletManager:53 - css/footer.css
2019-12-22 15:35:28 INFO  ServletManager:53 - image/GreenBank.png
2019-12-22 15:35:28 INFO  ServletManager:53 - bootstrap/js/bootstrap.min.js
2019-12-22 15:35:30 INFO  ServletManager:53 - bootstrap/css/bootstrap.min.css
2019-12-22 15:35:37 INFO  ServletManager:51 - /GreenBank/app/image/GreenBank.png
2019-12-22 15:35:59 INFO  ServletManager:53 - image/GreenBank.png
2019-12-22 15:46:59 INFO  ServletManager:27 - Servlet was created.
2019-12-22 15:47:02 INFO  ServletManager:51 - /GreenBank/app/login
2019-12-22 15:47:05 INFO  ServletManager:53 - login
2019-12-22 15:47:10 INFO  Login:34 - user enter email: 1 2
2019-12-22 15:47:11 INFO  Login:39 - Invalid attempt of user email: '1'
2019-12-22 15:47:27 INFO  ServletManager:51 - /GreenBank/app/bootstrap/css/bootstrap.min.css
2019-12-22 15:47:27 INFO  ServletManager:51 - /GreenBank/app/bootstrap/js/bootstrap.min.js
2019-12-22 15:47:27 INFO  ServletManager:51 - /GreenBank/app/css/header_css.css
2019-12-22 15:47:28 INFO  ServletManager:51 - /GreenBank/app/css/footer.css
2019-12-22 15:47:28 INFO  ServletManager:53 - bootstrap/js/bootstrap.min.js
2019-12-22 15:47:28 INFO  ServletManager:53 - css/footer.css
2019-12-22 15:47:28 INFO  ServletManager:51 - /GreenBank/app/image/GreenBank.png
2019-12-22 15:47:28 INFO  ServletManager:53 - css/header_css.css
2019-12-22 15:47:30 INFO  ServletManager:53 - bootstrap/css/bootstrap.min.css
2019-12-22 15:47:29 INFO  ServletManager:53 - image/GreenBank.png
2019-12-22 15:47:35 INFO  ServletManager:51 - /GreenBank/app/image/GreenBank.png
2019-12-22 15:47:41 INFO  ServletManager:53 - image/GreenBank.png
2019-12-22 15:48:23 INFO  ServletManager:27 - Servlet was created.
2019-12-22 15:48:25 INFO  ServletManager:51 - /GreenBank/app/login
2019-12-22 15:48:26 INFO  ServletManager:53 - login
2019-12-22 15:48:30 INFO  Login:34 - user enter email: 1 2
2019-12-22 15:48:31 INFO  Login:39 - Invalid attempt of user email: '1'
2019-12-22 15:49:20 INFO  ServletManager:27 - Servlet was created.
2019-12-22 15:49:20 INFO  ServletManager:51 - /GreenBank/app/login
2019-12-22 15:49:20 INFO  ServletManager:53 - login
2019-12-22 15:49:20 INFO  Login:34 - user enter email: 1 2
2019-12-22 15:49:20 INFO  Login:39 - Invalid attempt of user email: '1'
2019-12-22 15:53:15 INFO  ServletManager:27 - Servlet was created.
2019-12-22 15:53:15 INFO  ServletManager:51 - /GreenBank/app/login
2019-12-22 15:53:15 INFO  ServletManager:53 - login
2019-12-22 15:53:15 INFO  Login:34 - user enter email: 1 2
2019-12-22 15:53:15 INFO  Login:39 - Invalid attempt of user email: '1'
2019-12-22 15:53:15 INFO  ServletManager:51 - /GreenBank/app/login
2019-12-22 15:53:15 INFO  ServletManager:53 - login
2019-12-22 15:53:15 INFO  ServletManager:51 - /GreenBank/app/login
2019-12-22 15:53:15 INFO  ServletManager:53 - login
2019-12-22 15:53:15 INFO  ServletManager:51 - /GreenBank/app/login
2019-12-22 15:53:15 INFO  ServletManager:53 - login
2019-12-22 15:53:15 INFO  ServletManager:51 - /GreenBank/app/login
2019-12-22 15:53:15 INFO  ServletManager:53 - login
2019-12-22 15:53:15 INFO  ServletManager:51 - /GreenBank/app/login
2019-12-22 15:53:15 INFO  ServletManager:53 - login
2019-12-22 15:53:15 INFO  ServletManager:51 - /GreenBank/app/login
2019-12-22 15:53:15 INFO  ServletManager:53 - login
2019-12-22 15:53:15 INFO  ServletManager:51 - /GreenBank/app/login
2019-12-22 15:53:15 INFO  ServletManager:53 - login
2019-12-22 15:53:15 INFO  ServletManager:51 - /GreenBank/app/login
2019-12-22 15:53:15 INFO  ServletManager:53 - login
2019-12-22 15:53:15 INFO  ServletManager:51 - /GreenBank/app/login
2019-12-22 15:53:15 INFO  ServletManager:53 - login
2019-12-22 15:53:15 INFO  ServletManager:51 - /GreenBank/app/login
2019-12-22 15:53:15 INFO  ServletManager:53 - login
2019-12-22 15:53:15 INFO  ServletManager:51 - /GreenBank/app/login
2019-12-22 15:53:15 INFO  ServletManager:53 - login
2019-12-22 15:53:15 INFO  ServletManager:51 - /GreenBank/app/login
2019-12-22 15:53:15 INFO  ServletManager:53 - login
2019-12-22 15:53:15 INFO  ServletManager:51 - /GreenBank/app/login
2019-12-22 15:53:15 INFO  ServletManager:53 - login
2019-12-22 15:53:15 INFO  ServletManager:51 - /GreenBank/app/login
2019-12-22 15:53:15 INFO  ServletManager:53 - login
2019-12-22 15:53:15 INFO  ServletManager:51 - /GreenBank/app/login
2019-12-22 15:53:15 INFO  ServletManager:53 - login
2019-12-22 15:53:15 INFO  ServletManager:51 - /GreenBank/app/login
2019-12-22 15:53:15 INFO  ServletManager:53 - login
2019-12-22 15:54:04 INFO  ServletManager:27 - Servlet was created.
2019-12-22 15:54:06 INFO  ServletManager:51 - /GreenBank/app/login
2019-12-22 15:54:08 INFO  ServletManager:53 - login
2019-12-22 15:54:16 INFO  Login:34 - user enter email: 1 2
2019-12-22 15:54:17 INFO  Login:39 - Invalid attempt of user email: '1'
2019-12-22 15:54:30 INFO  ServletManager:51 - /GreenBank/app/login
2019-12-22 20:07:34 INFO  LoginManager:33 - user enter email: 1 1
2019-12-22 20:07:36 INFO  LoginManager:37 - Invalid attempt of user email: '1'
2019-12-22 20:08:44 INFO  LoginManager:33 - user enter email: 1 1
2019-12-22 20:08:46 INFO  LoginManager:37 - Invalid attempt of user email: '1'
2019-12-22 20:09:10 INFO  LoginManager:33 - user enter email: xghfxc hyuig
2019-12-22 20:09:11 INFO  LoginManager:37 - Invalid attempt of user email: 'xghfxc'
2019-12-22 21:27:54 INFO  LoginManager:33 - user enter email: xghfxc hyuig
2019-12-22 21:27:54 INFO  LoginManager:37 - Invalid attempt of user email: 'xghfxc'
2019-12-22 21:28:02 INFO  LoginManager:33 - user enter email: lol lol
2019-12-22 21:28:02 INFO  LoginManager:37 - Invalid attempt of user email: 'lol'
2019-12-22 21:28:06 INFO  LoginManager:33 - user enter email: 1 1
2019-12-22 21:28:06 INFO  LoginManager:37 - Invalid attempt of user email: '1'
2019-12-23 00:46:22 INFO  LoginServlet:38 - user enter email: dimanowq@gmail.com 111111
2019-12-23 00:47:13 INFO  LoginServlet:38 - user enter email: dimanowq@gmail.com 111111
2019-12-23 00:51:43 INFO  LoginServlet:42 - user enter email: dimanowq@gmail.com 111111
2019-12-23 00:52:07 INFO  LoginServlet:58 - User email dimanowq@gmail.com logged successfully.
2019-12-23 00:54:27 INFO  LoginServlet:42 - user enter email: rwfw fwfw
2019-12-23 00:54:27 INFO  LoginServlet:46 - Invalid attempt of user email: 'rwfw'
2019-12-23 00:54:43 INFO  LoginServlet:42 - user enter email: dimanowq@gmail.com 111111
2019-12-23 00:54:55 INFO  LoginServlet:58 - User email dimanowq@gmail.com logged successfully.
2019-12-23 00:56:05 INFO  LoginServlet:42 - user enter email: dewf fewf
2019-12-23 00:56:05 INFO  LoginServlet:46 - Invalid attempt of user email: 'dewf'
2019-12-23 00:56:14 INFO  LoginServlet:42 - user enter email: dimanowq@gmail.com 111111
2019-12-23 00:56:20 INFO  LoginServlet:58 - User email dimanowq@gmail.com logged successfully.
2019-12-23 00:57:46 INFO  LoginServlet:42 - user enter email: dimanowq@gmail.com 111111
2019-12-23 00:57:46 INFO  LoginServlet:52 - User email dimanowq@gmail.com already logged.
2019-12-23 00:58:29 INFO  LoginServlet:42 - user enter email: dimanowq@gmail.com 111111
2019-12-23 00:58:29 INFO  LoginServlet:52 - User email dimanowq@gmail.com already logged.
2019-12-23 00:58:42 INFO  LoginServlet:42 - user enter email: dimanowq@gmail.com er2
2019-12-23 00:58:42 INFO  LoginServlet:46 - Invalid attempt of user email: 'dimanowq@gmail.com'
2019-12-23 16:43:50 INFO  LoginServlet:50 - User fewqf try to login with wrong credentials
2019-12-23 16:44:33 INFO  LoginServlet:50 - User lol try to login with wrong credentials
2019-12-23 16:45:16 INFO  LoginServlet:50 - User lol try to login with wrong credentials
2019-12-23 16:51:20 INFO  LoginServlet:49 - User lol try to login with wrong credentials
2019-12-23 16:52:23 INFO  LoginServlet:49 - User lol try to login with wrong credentials
2019-12-23 16:52:31 INFO  LoginServlet:63 - User test@test.test login successfully
2019-12-23 16:52:45 INFO  LoginServlet:63 - User test@test.test login successfully
2019-12-23 16:53:10 INFO  CreateAccountServlet:41 - Start to create new user: 1 1
2019-12-23 16:53:12 INFO  CreateAccountServlet:64 - Passwords for 1 1 are not same (fw and wfqwqef)
2019-12-23 17:41:02 INFO  LoginServlet:63 - User test@test.test login successfully
2019-12-23 17:57:36 INFO  LoginServlet:64 - User test@test.test login successfully
2019-12-23 17:59:09 INFO  LoginServlet:64 - User test@test.test login successfully
2019-12-23 18:00:04 INFO  LoginServlet:64 - User test@test.test login successfully
2019-12-23 18:00:21 INFO  ChangePasswordServlet:45 - User test@test.test try to change password using wrong old one
2019-12-23 18:04:00 INFO  LoginServlet:64 - User test@test.test login successfully
2019-12-23 18:04:15 INFO  ChangePasswordServlet:45 - User test@test.test try to change password using wrong old one
2019-12-23 18:04:23 INFO  ChangePasswordServlet:50 - Passwords for test@test.test are not same (423 and f2f)
2019-12-23 18:05:01 INFO  ChangePasswordServlet:50 - Passwords for test@test.test are not same (vew and vewr)
2019-12-23 18:05:46 INFO  ChangePasswordServlet:50 - Passwords for test@test.test are not same (vew and vewr)
2019-12-23 18:16:23 INFO  LoginServlet:64 - User test@test.test login successfully
2019-12-23 18:16:31 INFO  ChangePasswordServlet:50 - Passwords for test@test.test are not same (feqw and fewq)
2019-12-23 18:16:51 INFO  ChangePasswordServlet:45 - User test@test.test try to change password using wrong old one
2019-12-23 18:17:11 INFO  ChangePasswordServlet:50 - Passwords for test@test.test are not same (t and e21)
2019-12-23 18:19:39 INFO  ChangePasswordServlet:45 - User test@test.test try to change password using wrong old one
2019-12-23 18:29:29 INFO  LoginServlet:64 - User test@test.test login successfully
2019-12-23 21:39:48 INFO  LoginServlet:50 - User test@test.test try to login with wrong credentials
2019-12-23 21:39:56 INFO  LoginServlet:64 - User test@test.test login successfully
2019-12-23 21:42:02 INFO  LoginServlet:64 - User test@test.test login successfully
2019-12-23 21:43:24 INFO  LoginServlet:64 - User test@test.test login successfully
2019-12-23 21:44:39 INFO  LoginServlet:64 - User test@test.test login successfully
2019-12-23 21:45:51 INFO  LoginServlet:64 - User test@test.test login successfully
2019-12-23 22:30:35 INFO  LoginServlet:64 - User test@test.test login successfully
2019-12-23 22:39:22 INFO  LoginServlet:64 - User test@test.test login successfully
2019-12-23 22:41:24 INFO  LoginServlet:57 - User test@test.test already logged
2019-12-24 03:48:37 INFO  LoginServlet:52 - User lol try to login with wrong credentials
2019-12-24 03:53:29 INFO  CreateAccountServlet:41 - Start to create new user: admindima admindima
2019-12-24 03:53:51 INFO  CreateAccountServlet:95 - New user add to GreenBank system
2019-12-24 03:54:29 INFO  LoginServlet:65 - User ad@ad.ad login successfully
2019-12-24 03:56:16 INFO  LoginServlet:65 - User ad@ad.ad login successfully
2019-12-24 03:57:28 INFO  LoginServlet:51 - User ad@ad.ad try to login with wrong credentials
2019-12-24 03:57:39 INFO  LoginServlet:51 - User ad@ad.ad try to login with wrong credentials
2019-12-24 03:58:45 INFO  CreateAccountServlet:41 - Start to create new user: Dima Tsylyuryk
2019-12-24 03:58:48 INFO  CreateAccountServlet:95 - New user add to GreenBank system
2019-12-24 03:59:12 INFO  LoginServlet:65 - User dimanowq@gmail.com login successfully
2019-12-24 03:59:26 INFO  ChangePasswordServlet:52 - Passwords for dimanowq@gmail.com are not same (admin1 and admin2)
2019-12-24 03:59:37 INFO  ChangePasswordServlet:47 - User dimanowq@gmail.com try to change password using wrong old one
2019-12-24 04:13:56 INFO  LoginServlet:65 - User dimanowq@gmail.com login successfully
2019-12-24 04:14:39 INFO  LoginServlet:65 - User dimanowq@gmail.com login successfully
2019-12-24 04:33:20 INFO  LoginServlet:65 - User dimanowq@gmail.com login successfully
2019-12-24 04:50:45 INFO  LoginServlet:65 - User dimanowq@gmail.com login successfully
2019-12-24 04:53:21 INFO  LoginServlet:65 - User dimanowq@gmail.com login successfully
2019-12-24 04:55:46 INFO  LoginServlet:65 - User dimanowq@gmail.com login successfully
2019-12-24 04:58:15 INFO  LoginServlet:58 - User dimanowq@gmail.com already logged
2019-12-24 04:59:01 INFO  CreateAccountServlet:41 - Start to create new user: Ivan Gorohov
2019-12-24 04:59:06 INFO  CreateAccountServlet:95 - New user add to GreenBank system
2019-12-24 04:59:23 INFO  LoginServlet:65 - User ivan@gmail.com login successfully
2019-12-24 05:01:17 INFO  LoginServlet:65 - User dimanowq@gmail.com login successfully
2019-12-24 05:01:43 INFO  LoginServlet:65 - User ivan@gmail.com login successfully
2019-12-24 05:04:00 INFO  LoginServlet:51 - User dimanowq@gmail.com try to login with wrong credentials
2019-12-24 05:04:08 INFO  LoginServlet:58 - User dimanowq@gmail.com already logged
2019-12-24 05:04:46 INFO  LoginServlet:65 - User dimanowq@gmail.com login successfully
2019-12-24 05:18:18 INFO  LoggingFilter:29 - Session[C1B7B44A6D019CE45202DAB5E496DF4E] trying to accept page [/index.jsp]. Allowed.
2019-12-24 05:18:27 INFO  LoggingFilter:29 - Session[C1B7B44A6D019CE45202DAB5E496DF4E] trying to accept page [/index.jsp]. Allowed.
2019-12-24 05:18:31 INFO  LoggingFilter:29 - Session[C1B7B44A6D019CE45202DAB5E496DF4E] trying to accept page [/login.jsp]. Allowed.
2019-12-24 05:18:39 INFO  LoggingFilter:29 - Session[C1B7B44A6D019CE45202DAB5E496DF4E] trying to accept page [/login]. Allowed.
2019-12-24 05:18:39 INFO  LoginServlet:51 - User dwc try to login with wrong credentials
2019-12-24 05:18:50 INFO  LoggingFilter:29 - Session[C1B7B44A6D019CE45202DAB5E496DF4E] trying to accept page [/create_new_account.jsp]. Allowed.
2019-12-24 05:18:50 INFO  LoggingFilter:29 - Session[C1B7B44A6D019CE45202DAB5E496DF4E] trying to accept page [/css/create_account.css]. Allowed.
2019-12-24 05:18:51 INFO  LoggingFilter:29 - Session[C1B7B44A6D019CE45202DAB5E496DF4E] trying to accept page [/add_amount.jsp]. Allowed.
2019-12-24 05:18:52 INFO  LoggingFilter:29 - Session[C1B7B44A6D019CE45202DAB5E496DF4E] trying to accept page [/amount_history.jsp]. Allowed.
2019-12-24 05:18:53 INFO  LoggingFilter:29 - Session[C1B7B44A6D019CE45202DAB5E496DF4E] trying to accept page [/transfer.jsp]. Allowed.
2019-12-24 05:19:08 INFO  LoggingFilter:29 - Session[C1B7B44A6D019CE45202DAB5E496DF4E] trying to accept page [/index.jsp]. Allowed.
2019-12-24 05:19:32 INFO  LoggingFilter:29 - Session[C1B7B44A6D019CE45202DAB5E496DF4E] trying to accept page [/index.jsp]. Allowed.
2019-12-24 05:19:34 INFO  LoggingFilter:29 - Session[C1B7B44A6D019CE45202DAB5E496DF4E] trying to accept page [/index.jsp]. Allowed.
2019-12-24 05:19:35 INFO  LoggingFilter:29 - Session[C1B7B44A6D019CE45202DAB5E496DF4E] trying to accept page [/index.jsp]. Allowed.
2019-12-24 05:19:42 INFO  LoggingFilter:29 - Session[C1B7B44A6D019CE45202DAB5E496DF4E] trying to accept page [/index.jsp]. Allowed.
2019-12-24 05:19:43 INFO  LoggingFilter:29 - Session[C1B7B44A6D019CE45202DAB5E496DF4E] trying to accept page [/index.jsp]. Allowed.
2019-12-24 05:19:53 INFO  LoggingFilter:29 - Session[C1B7B44A6D019CE45202DAB5E496DF4E] trying to accept page [/index.jsp]. Allowed.
2019-12-24 05:20:21 INFO  LoggingFilter:29 - Session[C1B7B44A6D019CE45202DAB5E496DF4E] trying to accept page [/index.jsp]. Allowed.
2019-12-24 05:20:22 INFO  LoggingFilter:29 - Session[C1B7B44A6D019CE45202DAB5E496DF4E] trying to accept page [/index.jsp]. Allowed.
2019-12-24 05:20:25 INFO  LoggingFilter:29 - Session[C1B7B44A6D019CE45202DAB5E496DF4E] trying to accept page [/add_amount.jsp]. Allowed.
2019-12-24 05:20:28 INFO  LoggingFilter:29 - Session[C1B7B44A6D019CE45202DAB5E496DF4E] trying to accept page [/index.jsp]. Allowed.
2019-12-24 05:20:40 INFO  LoggingFilter:29 - Session[C1B7B44A6D019CE45202DAB5E496DF4E] trying to accept page [/add_amount.jsp]. Allowed.
2019-12-24 05:20:41 INFO  LoggingFilter:29 - Session[C1B7B44A6D019CE45202DAB5E496DF4E] trying to accept page [/amount_history.jsp]. Allowed.
2019-12-24 05:20:42 INFO  LoggingFilter:29 - Session[C1B7B44A6D019CE45202DAB5E496DF4E] trying to accept page [/amount_history.jsp]. Allowed.
2019-12-24 05:20:43 INFO  LoggingFilter:29 - Session[C1B7B44A6D019CE45202DAB5E496DF4E] trying to accept page [/amount_history.jsp]. Allowed.
2019-12-24 05:20:44 INFO  LoggingFilter:29 - Session[C1B7B44A6D019CE45202DAB5E496DF4E] trying to accept page [/index.jsp]. Allowed.
2019-12-24 05:23:03 INFO  LoggingFilter:29 - Session[C1B7B44A6D019CE45202DAB5E496DF4E] trying to accept page [/index.jsp]. Allowed.
2019-12-24 05:25:20 INFO  LoggingFilter:29 - Session[C1B7B44A6D019CE45202DAB5E496DF4E] trying to accept page [/index.jsp]. Allowed.
2019-12-24 05:25:25 INFO  LoggingFilter:29 - Session[C1B7B44A6D019CE45202DAB5E496DF4E] trying to accept page [/amount_history.jsp]. Allowed.
2019-12-24 05:27:47 INFO  LoggingFilter:29 - Session[C1B7B44A6D019CE45202DAB5E496DF4E] trying to accept page [/index.jsp]. Allowed.
2019-12-24 05:27:49 INFO  LoggingFilter:29 - Session[C1B7B44A6D019CE45202DAB5E496DF4E] trying to accept page [/deposit_scheme.jsp]. Allowed.
2019-12-24 05:27:49 INFO  LoggingFilter:29 - Session[C1B7B44A6D019CE45202DAB5E496DF4E] trying to accept page [/css/deposit-scheme.css]. Allowed.
2019-12-24 05:28:14 INFO  LoggingFilter:29 - Session[C1B7B44A6D019CE45202DAB5E496DF4E] trying to accept page [/single_deposit_scheme.jsp]. Allowed.
2019-12-24 05:28:36 INFO  LoggingFilter:29 - Session[C1B7B44A6D019CE45202DAB5E496DF4E] trying to accept page [/deposit_scheme.jsp]. Allowed.
2019-12-24 05:28:37 INFO  LoggingFilter:29 - Session[C1B7B44A6D019CE45202DAB5E496DF4E] trying to accept page [/deposit_scheme.jsp]. Allowed.
2019-12-24 05:28:38 INFO  LoggingFilter:29 - Session[C1B7B44A6D019CE45202DAB5E496DF4E] trying to accept page [/deposit_scheme.jsp]. Allowed.
2019-12-24 05:28:39 INFO  LoggingFilter:29 - Session[C1B7B44A6D019CE45202DAB5E496DF4E] trying to accept page [/deposit_scheme.jsp]. Allowed.
2019-12-24 05:28:40 INFO  LoggingFilter:29 - Session[C1B7B44A6D019CE45202DAB5E496DF4E] trying to accept page [/deposit_scheme.jsp]. Allowed.
2019-12-24 05:29:04 INFO  LoggingFilter:29 - Session[C1B7B44A6D019CE45202DAB5E496DF4E] trying to accept page [/deposit_scheme.jsp]. Allowed.
2019-12-24 05:29:17 INFO  LoggingFilter:29 - Session[C1B7B44A6D019CE45202DAB5E496DF4E] trying to accept page [/deposit_scheme.jsp]. Allowed.
2019-12-24 05:29:21 INFO  LoggingFilter:29 - Session[C1B7B44A6D019CE45202DAB5E496DF4E] trying to accept page [/deposit_scheme.jsp]. Allowed.
2019-12-24 05:29:22 INFO  LoggingFilter:29 - Session[C1B7B44A6D019CE45202DAB5E496DF4E] trying to accept page [/deposit_scheme.jsp]. Allowed.
2019-12-24 05:29:23 INFO  LoggingFilter:29 - Session[C1B7B44A6D019CE45202DAB5E496DF4E] trying to accept page [/create_new_account.jsp]. Allowed.
2019-12-24 05:29:24 INFO  LoggingFilter:29 - Session[C1B7B44A6D019CE45202DAB5E496DF4E] trying to accept page [/add_amount.jsp]. Allowed.
2019-12-24 05:29:24 INFO  LoggingFilter:29 - Session[C1B7B44A6D019CE45202DAB5E496DF4E] trying to accept page [/amount_history.jsp]. Allowed.
2019-12-24 05:29:25 INFO  LoggingFilter:29 - Session[C1B7B44A6D019CE45202DAB5E496DF4E] trying to accept page [/amount_history.jsp]. Allowed.
2019-12-24 05:29:26 INFO  LoggingFilter:29 - Session[C1B7B44A6D019CE45202DAB5E496DF4E] trying to accept page [/index.jsp]. Allowed.
2019-12-24 05:30:19 INFO  LoggingFilter:29 - Session[C1B7B44A6D019CE45202DAB5E496DF4E] trying to accept page [/create_new_account.jsp]. Allowed.
2019-12-24 05:30:41 INFO  LoggingFilter:29 - Session[C1B7B44A6D019CE45202DAB5E496DF4E] trying to accept page [/create_new_account.jspimage/favicon.png]. Allowed.
2019-12-24 05:31:09 INFO  LoggingFilter:29 - Session[C1B7B44A6D019CE45202DAB5E496DF4E] trying to accept page [/create]. Allowed.
2019-12-24 05:31:09 INFO  CreateAccountServlet:41 - Start to create new user: user test
2019-12-24 05:31:09 INFO  CreateAccountServlet:64 - Passwords for user test are not same (34 and 45)
2019-12-24 05:31:57 INFO  LoggingFilter:29 - Session[C1B7B44A6D019CE45202DAB5E496DF4E] trying to accept page [/create]. Allowed.
2019-12-24 05:31:57 INFO  CreateAccountServlet:41 - Start to create new user: user test
2019-12-24 05:31:57 INFO  CreateAccountServlet:95 - New user add to GreenBank system
2019-12-24 05:31:59 INFO  LoggingFilter:29 - Session[C1B7B44A6D019CE45202DAB5E496DF4E] trying to accept page [/login.jsp]. Allowed.
2019-12-24 05:32:10 INFO  LoggingFilter:29 - Session[C1B7B44A6D019CE45202DAB5E496DF4E] trying to accept page [/login]. Allowed.
2019-12-24 05:32:10 INFO  LoginServlet:65 - User ok@ok.ok login successfully
2019-12-24 05:32:14 INFO  LoggingFilter:29 - Session[C1B7B44A6D019CE45202DAB5E496DF4E] trying to accept page [/profile.jsp]. Allowed.
2019-12-24 05:32:18 INFO  LoggingFilter:29 - Session[C1B7B44A6D019CE45202DAB5E496DF4E] trying to accept page [/change_password.jsp]. Allowed.
2019-12-24 05:32:18 INFO  LoggingFilter:29 - Session[C1B7B44A6D019CE45202DAB5E496DF4E] trying to accept page [/css/change_password.css]. Allowed.
2019-12-24 05:32:22 INFO  LoggingFilter:29 - Session[C1B7B44A6D019CE45202DAB5E496DF4E] trying to accept page [/change_pass]. Allowed.
2019-12-24 05:32:26 INFO  LoggingFilter:29 - Session[C1B7B44A6D019CE45202DAB5E496DF4E] trying to accept page [/change_password.jsp]. Allowed.
2019-12-24 05:32:31 INFO  LoggingFilter:29 - Session[C1B7B44A6D019CE45202DAB5E496DF4E] trying to accept page [/change_pass]. Allowed.
2019-12-24 05:32:32 INFO  LoggingFilter:29 - Session[C1B7B44A6D019CE45202DAB5E496DF4E] trying to accept page [/change_pass]. Allowed.
2019-12-24 05:32:37 INFO  LoggingFilter:29 - Session[C1B7B44A6D019CE45202DAB5E496DF4E] trying to accept page [/change_password.jsp]. Allowed.
2019-12-24 05:32:38 INFO  LoggingFilter:29 - Session[C1B7B44A6D019CE45202DAB5E496DF4E] trying to accept page [/change_password.jsp]. Allowed.
2019-12-24 05:32:39 INFO  LoggingFilter:29 - Session[C1B7B44A6D019CE45202DAB5E496DF4E] trying to accept page [/amount_history.jsp]. Allowed.
2019-12-24 05:32:40 INFO  LoggingFilter:29 - Session[C1B7B44A6D019CE45202DAB5E496DF4E] trying to accept page [/amount_history.jsp]. Allowed.
2019-12-24 05:32:41 INFO  LoggingFilter:29 - Session[C1B7B44A6D019CE45202DAB5E496DF4E] trying to accept page [/amount_history.jsp]. Allowed.
2019-12-24 05:33:07 INFO  LoggingFilter:29 - Session[C1B7B44A6D019CE45202DAB5E496DF4E] trying to accept page [/amount_history.jsp]. Allowed.
2019-12-24 05:33:08 INFO  LoggingFilter:29 - Session[C1B7B44A6D019CE45202DAB5E496DF4E] trying to accept page [/amount_history.jsp]. Allowed.
2019-12-24 05:33:09 INFO  LoggingFilter:29 - Session[C1B7B44A6D019CE45202DAB5E496DF4E] trying to accept page [/amount_history.jsp]. Allowed.
2019-12-24 05:33:12 INFO  LoggingFilter:29 - Session[C1B7B44A6D019CE45202DAB5E496DF4E] trying to accept page [/index.jsp]. Allowed.
2019-12-24 05:33:13 INFO  LoggingFilter:29 - Session[C1B7B44A6D019CE45202DAB5E496DF4E] trying to accept page [/amount_history.jsp]. Allowed.
2019-12-24 05:33:13 INFO  LoggingFilter:29 - Session[C1B7B44A6D019CE45202DAB5E496DF4E] trying to accept page [/add_amount.jsp]. Allowed.
2019-12-24 05:33:16 INFO  LoggingFilter:29 - Session[C1B7B44A6D019CE45202DAB5E496DF4E] trying to accept page [/amount_transaction]. Allowed.
2019-12-24 05:33:19 INFO  LoggingFilter:29 - Session[C1B7B44A6D019CE45202DAB5E496DF4E] trying to accept page [/amount_history.jsp]. Allowed.
2019-12-24 05:33:23 INFO  LoggingFilter:29 - Session[C1B7B44A6D019CE45202DAB5E496DF4E] trying to accept page [/profile.jsp]. Allowed.
2019-12-24 05:33:26 INFO  LoggingFilter:29 - Session[C1B7B44A6D019CE45202DAB5E496DF4E] trying to accept page [/logout.jsp]. Allowed.
2019-12-24 05:33:26 INFO  LoggingFilter:29 - Session[58D4D6A4A16DCBA0EC8560A811A54927] trying to accept page [/index.jsp]. Allowed.
2019-12-24 05:33:27 INFO  LoggingFilter:29 - Session[58D4D6A4A16DCBA0EC8560A811A54927] trying to accept page [/login.jsp]. Allowed.
2019-12-24 05:33:37 INFO  LoggingFilter:29 - Session[58D4D6A4A16DCBA0EC8560A811A54927] trying to accept page [/login]. Allowed.
2019-12-24 05:33:37 INFO  LoginServlet:65 - User dimanowq@gmail.com login successfully
2019-12-24 05:33:39 INFO  LoggingFilter:29 - Session[58D4D6A4A16DCBA0EC8560A811A54927] trying to accept page [/profile.jsp]. Allowed.
2019-12-24 05:33:43 INFO  LoggingFilter:29 - Session[58D4D6A4A16DCBA0EC8560A811A54927] trying to accept page [/amount_history.jsp]. Allowed.
2019-12-24 05:33:45 INFO  LoggingFilter:29 - Session[58D4D6A4A16DCBA0EC8560A811A54927] trying to accept page [/amount_history.jsp]. Allowed.
2019-12-24 05:33:48 INFO  LoggingFilter:29 - Session[58D4D6A4A16DCBA0EC8560A811A54927] trying to accept page [/amounts_requests.jsp]. Allowed.
2019-12-24 05:33:55 INFO  LoggingFilter:29 - Session[58D4D6A4A16DCBA0EC8560A811A54927] trying to accept page [/amount_request]. Allowed.
2019-12-24 05:34:03 INFO  LoggingFilter:29 - Session[58D4D6A4A16DCBA0EC8560A811A54927] trying to accept page [/amount_request]. Allowed.
2019-12-24 05:34:05 INFO  LoggingFilter:29 - Session[58D4D6A4A16DCBA0EC8560A811A54927] trying to accept page [/logout.jsp]. Allowed.
2019-12-24 05:34:05 INFO  LoggingFilter:29 - Session[C6AD54B02047518270A2E05C19DCB923] trying to accept page [/index.jsp]. Allowed.
2019-12-24 05:34:07 INFO  LoggingFilter:29 - Session[C6AD54B02047518270A2E05C19DCB923] trying to accept page [/login.jsp]. Allowed.
2019-12-24 05:34:13 INFO  LoggingFilter:29 - Session[C6AD54B02047518270A2E05C19DCB923] trying to accept page [/login]. Allowed.
2019-12-24 05:34:13 INFO  LoginServlet:65 - User ok@ok.ok login successfully
2019-12-24 05:34:16 INFO  LoggingFilter:29 - Session[C6AD54B02047518270A2E05C19DCB923] trying to accept page [/profile.jsp]. Allowed.
2019-12-24 05:34:41 INFO  LoggingFilter:29 - Session[E711EB980630C36DD4D0C8A5C4B0B503] trying to accept page [/add_amount.jsp]. Allowed.
2019-12-24 05:34:47 INFO  LoggingFilter:29 - Session[C6AD54B02047518270A2E05C19DCB923] trying to accept page [/amount_history.jsp]. Allowed.
2019-12-24 05:34:49 INFO  LoggingFilter:29 - Session[C6AD54B02047518270A2E05C19DCB923] trying to accept page [/add_amount.jsp]. Allowed.
2019-12-24 05:34:51 INFO  LoggingFilter:29 - Session[C6AD54B02047518270A2E05C19DCB923] trying to accept page [/add_amount.jsp]. Allowed.
2019-12-24 05:34:51 INFO  LoggingFilter:29 - Session[C6AD54B02047518270A2E05C19DCB923] trying to accept page [/add_amount.jsp]. Allowed.
2019-12-24 05:34:52 INFO  LoggingFilter:29 - Session[C6AD54B02047518270A2E05C19DCB923] trying to accept page [/index.jsp]. Allowed.
2019-12-24 05:34:58 INFO  LoggingFilter:29 - Session[C6AD54B02047518270A2E05C19DCB923] trying to accept page [/logout.jsp]. Allowed.
2019-12-24 05:34:58 INFO  LoggingFilter:29 - Session[03DA0211E72F6EC155A5C794AD718F0F] trying to accept page [/index.jsp]. Allowed.
